#
# There is insufficient memory for the Java Runtime Environment to continue.
# Native memory allocation (malloc) failed to allocate 1048576 bytes for AllocateHeap
# Possible reasons:
#   The system is out of physical RAM or swap space
#   The process is running with CompressedOops enabled, and the Java Heap may be blocking the growth of the native heap
# Possible solutions:
#   Reduce memory load on the system
#   Increase physical memory or swap space
#   Check if swap backing store is full
#   Decrease Java heap size (-Xmx/-Xms)
#   Decrease number of Java threads
#   Decrease Java thread stack sizes (-Xss)
#   Set larger code cache with -XX:ReservedCodeCacheSize=
#   JVM is running with Unscaled Compressed Oops mode in which the Java heap is
#     placed in the first 4GB address space. The Java Heap base address is the
#     maximum limit for the native heap growth. Please use -XX:HeapBaseMinAddress
#     to set the Java Heap base and to place the Java Heap above 4GB virtual address.
# This output file may be truncated or incomplete.
#
#  Out of Memory Error (allocation.cpp:44), pid=14800, tid=12532
#
# JRE version:  (17.0.9+11) (build )
# Java VM: Java HotSpot(TM) 64-Bit Server VM (17.0.9+11-LTS-201, mixed mode, sharing, tiered, compressed oops, compressed class ptrs, g1 gc, windows-amd64)
# No core dump will be written. Minidumps are not enabled by default on client versions of Windows
#

---------------  S U M M A R Y ------------

Command Line: -Dfile.encoding=UTF-8 -Dstdout.encoding=UTF-8 -Dstderr.encoding=UTF-8 -XX:+ShowCodeDetailsInExceptionMessages logical.Number

Host: Intel(R) Core(TM) i5-5300U CPU @ 2.30GHz, 4 cores, 7G,  Windows 10 , 64 bit Build 19041 (10.0.19041.3636)
Time: Thu Apr 11 12:46:28 2024 India Standard Time elapsed time: 0.062620 seconds (0d 0h 0m 0s)

---------------  T H R E A D  ---------------

Current thread (0x0000020d5fc03040):  JavaThread "Unknown thread" [_thread_in_vm, id=12532, stack(0x00000041ea600000,0x00000041ea700000)]

Stack: [0x00000041ea600000,0x00000041ea700000]
Native frames: (J=compiled Java code, j=interpreted, Vv=VM code, C=native code)
V  [jvm.dll+0x678a4a]
V  [jvm.dll+0x7d9cfd]
V  [jvm.dll+0x7db60e]
V  [jvm.dll+0x7dbc73]
V  [jvm.dll+0x245e1f]
V  [jvm.dll+0xa5173]
V  [jvm.dll+0x2d63c7]
V  [jvm.dll+0x7ab67c]
V  [jvm.dll+0x368041]
V  [jvm.dll+0x78a749]
V  [jvm.dll+0x3ebd4f]
V  [jvm.dll+0x3ed7d1]
C  [jli.dll+0x5297]
C  [ucrtbase.dll+0x21bb2]
C  [KERNEL32.DLL+0x17344]
C  [ntdll.dll+0x526b1]


---------------  P R O C E S S  ---------------

Threads class SMR info:
_java_thread_list=0x00007ffa765889d8, length=0, elements={
}

Java Threads: ( => current thread )

Other Threads:

=>0x0000020d5fc03040 (exited) JavaThread "Unknown thread" [_thread_in_vm, id=12532, stack(0x00000041ea600000,0x00000041ea700000)]

Threads with active compile tasks:

VM state: not at safepoint (not fully initialized)

VM Mutex/Monitor currently owned by a thread: None

Heap address: 0x0000000000000000, size: 0 MB, Compressed Oops mode: 32-bit

CDS archive(s) mapped at: [0x0000000000000000-0x0000000000000000-0x0000000000000000), size 0, SharedBaseAddress: 0x0000000800000000, ArchiveRelocationMode: 1.
Narrow klass base: 0x0000000000000000, Narrow klass shift: 0, Narrow klass range: 0x0

GC Precious Log:
<Empty>

GC Heap History (0 events):
No events

Deoptimization events (0 events):
No events

Classes unloaded (0 events):
No events

Classes redefined (0 events):
No events

Internal exceptions (0 events):
No events

VM Operations (0 events):
No events

Events (1 events):
Event: 0.025 Loaded shared library C:\Program Files\Java\jdk-17\bin\java.dll


Dynamic libraries:
0x00007ff641570000 - 0x00007ff641580000 	C:\Program Files\Java\jdk-17\bin\javaw.exe
0x00007ffaa8a10000 - 0x00007ffaa8c08000 	C:\Windows\SYSTEM32\ntdll.dll
0x00007ffaa84a0000 - 0x00007ffaa855d000 	C:\Windows\System32\KERNEL32.DLL
0x00007ffaa6620000 - 0x00007ffaa6916000 	C:\Windows\System32\KERNELBASE.dll
0x00007ffaa63c0000 - 0x00007ffaa64c0000 	C:\Windows\System32\ucrtbase.dll
0x00007ffa80200000 - 0x00007ffa80219000 	C:\Program Files\Java\jdk-17\bin\jli.dll
0x00007ffaa8890000 - 0x00007ffaa8940000 	C:\Windows\System32\ADVAPI32.dll
0x00007ffaa8400000 - 0x00007ffaa849e000 	C:\Windows\System32\msvcrt.dll
0x00007ffaa7a80000 - 0x00007ffaa7b20000 	C:\Windows\System32\sechost.dll
0x00007ffaa77b0000 - 0x00007ffaa78d5000 	C:\Windows\System32\RPCRT4.dll
0x00007ffaa6a10000 - 0x00007ffaa6a37000 	C:\Windows\System32\bcrypt.dll
0x00007ffaa78e0000 - 0x00007ffaa7a7e000 	C:\Windows\System32\USER32.dll
0x00007ffaa6920000 - 0x00007ffaa6942000 	C:\Windows\System32\win32u.dll
0x00007ffaa8940000 - 0x00007ffaa896b000 	C:\Windows\System32\GDI32.dll
0x00007ffaa6160000 - 0x00007ffaa6277000 	C:\Windows\System32\gdi32full.dll
0x00007ffaa60c0000 - 0x00007ffaa615d000 	C:\Windows\System32\msvcp_win.dll
0x00007ffa95f70000 - 0x00007ffa9620a000 	C:\Windows\WinSxS\amd64_microsoft.windows.common-controls_6595b64144ccf1df_6.0.19041.3636_none_60b6a03d71f818d5\COMCTL32.dll
0x00007ffa9a690000 - 0x00007ffa9a69a000 	C:\Windows\SYSTEM32\VERSION.dll
0x00007ffa801e0000 - 0x00007ffa801fb000 	C:\Program Files\Java\jdk-17\bin\VCRUNTIME140.dll
0x00007ffaa7770000 - 0x00007ffaa77a2000 	C:\Windows\System32\IMM32.DLL
0x00007ffaa15e0000 - 0x00007ffaa15ec000 	C:\Program Files\Java\jdk-17\bin\vcruntime140_1.dll
0x00007ffa7e270000 - 0x00007ffa7e2fe000 	C:\Program Files\Java\jdk-17\bin\msvcp140.dll
0x00007ffa75ad0000 - 0x00007ffa766b1000 	C:\Program Files\Java\jdk-17\bin\server\jvm.dll
0x00007ffaa6ff0000 - 0x00007ffaa6ff8000 	C:\Windows\System32\PSAPI.DLL
0x00007ffa931f0000 - 0x00007ffa931f9000 	C:\Windows\SYSTEM32\WSOCK32.dll
0x00007ffaa82e0000 - 0x00007ffaa834b000 	C:\Windows\System32\WS2_32.dll
0x00007ffa997f0000 - 0x00007ffa99817000 	C:\Windows\SYSTEM32\WINMM.dll
0x00007ffaa48c0000 - 0x00007ffaa48d2000 	C:\Windows\SYSTEM32\kernel.appcore.dll
0x00007ffa873b0000 - 0x00007ffa873ba000 	C:\Program Files\Java\jdk-17\bin\jimage.dll
0x00007ffaa45c0000 - 0x00007ffaa47a4000 	C:\Windows\SYSTEM32\DBGHELP.DLL
0x00007ffa90450000 - 0x00007ffa90484000 	C:\Windows\SYSTEM32\dbgcore.DLL
0x00007ffaa6280000 - 0x00007ffaa6302000 	C:\Windows\System32\bcryptPrimitives.dll
0x00007ffa7f410000 - 0x00007ffa7f435000 	C:\Program Files\Java\jdk-17\bin\java.dll

dbghelp: loaded successfully - version: 4.0.5 - missing functions: none
symbol engine: initialized successfully - sym options: 0x614 - pdb path: .;C:\Program Files\Java\jdk-17\bin;C:\Windows\SYSTEM32;C:\Windows\WinSxS\amd64_microsoft.windows.common-controls_6595b64144ccf1df_6.0.19041.3636_none_60b6a03d71f818d5;C:\Program Files\Java\jdk-17\bin\server

VM Arguments:
jvm_args: -Dfile.encoding=UTF-8 -Dstdout.encoding=UTF-8 -Dstderr.encoding=UTF-8 -XX:+ShowCodeDetailsInExceptionMessages 
java_command: logical.Number
java_class_path (initial): C:\Users\Shree\eclipse-workspace\Programs\bin
Launcher Type: SUN_STANDARD

[Global flags]
     intx CICompilerCount                          = 3                                         {product} {ergonomic}
     uint ConcGCThreads                            = 1                                         {product} {ergonomic}
     uint G1ConcRefinementThreads                  = 4                                         {product} {ergonomic}
   size_t G1HeapRegionSize                         = 1048576                                   {product} {ergonomic}
    uintx GCDrainStackTargetSize                   = 64                                        {product} {ergonomic}
   size_t InitialHeapSize                          = 134217728                                 {product} {ergonomic}
   size_t MarkStackSize                            = 4194304                                   {product} {ergonomic}
   size_t MaxHeapSize                              = 2118123520                                {product} {ergonomic}
   size_t MinHeapDeltaBytes                        = 1048576                                   {product} {ergonomic}
   size_t MinHeapSize                              = 8388608                                   {product} {ergonomic}
    uintx NonNMethodCodeHeapSize                   = 5832780                                {pd product} {ergonomic}
    uintx NonProfiledCodeHeapSize                  = 122912730                              {pd product} {ergonomic}
    uintx ProfiledCodeHeapSize                     = 122912730                              {pd product} {ergonomic}
    uintx ReservedCodeCacheSize                    = 251658240                              {pd product} {ergonomic}
     bool SegmentedCodeCache                       = true                                      {product} {ergonomic}
     bool ShowCodeDetailsInExceptionMessages       = true                                   {manageable} {command line}
   size_t SoftMaxHeapSize                          = 2118123520                             {manageable} {ergonomic}
     bool UseCompressedClassPointers               = true                           {product lp64_product} {ergonomic}
     bool UseCompressedOops                        = true                           {product lp64_product} {ergonomic}
     bool UseG1GC                                  = true                                      {product} {ergonomic}
     bool UseLargePagesIndividualAllocation        = false                                  {pd product} {ergonomic}

Logging:
Log output configuration:
 #0: stdout all=warning uptime,level,tags
 #1: stderr all=off uptime,level,tags

Environment Variables:
JAVA_HOME=C:\Program Files\Java\jdk-17
PATH=C:/Users/Shree/Downloads/eclipse-java-2023-09-R-win32-x86_64/eclipse//plugins/org.eclipse.justj.openjdk.hotspot.jre.full.win32.x86_64_17.0.10.v20240120-1143/jre/bin/server;C:/Users/Shree/Downloads/eclipse-java-2023-09-R-win32-x86_64/eclipse//plugins/org.eclipse.justj.openjdk.hotspot.jre.full.win32.x86_64_17.0.10.v20240120-1143/jre/bin;C:\Program Files\Common Files\Oracle\Java\javapath;C:\Program Files (x86)\Intel\iCLS Client\;C:\Program Files\Intel\iCLS Client\;C:\Windows\system32;C:\Windows;C:\Windows\System32\Wbem;C:\Windows\System32\WindowsPowerShell\v1.0\;C:\Windows\System32\OpenSSH\;C:\Program Files\dotnet\;C:\Program Files (x86)\Intel\Intel(R) Management Engine Components\DAL;C:\Program Files\Intel\Intel(R) Management Engine Components\DAL;C:\Program Files (x86)\Intel\Intel(R) Management Engine Components\IPT;C:\Program Files\Intel\Intel(R) Management Engine Components\IPT;C:\Program Files\nodejs\;C:\ProgramData\chocolatey\bin;C:\Program Files\Git\cmd;C:\Users\Shree\AppData\Local\Microsoft\WindowsApps;C:\Users\Shree\AppData\Roaming\npm;C:\Users\Shree\Downloads\eclipse-java-2023-09-R-win32-x86_64\eclipse;
USERNAME=Shree
OS=Windows_NT
PROCESSOR_IDENTIFIER=Intel64 Family 6 Model 61 Stepping 4, GenuineIntel



---------------  S Y S T E M  ---------------

OS:
 Windows 10 , 64 bit Build 19041 (10.0.19041.3636)
OS uptime: 0 days 2:04 hours

CPU: total 4 (initial active 4) (2 cores per cpu, 2 threads per core) family 6 model 61 stepping 4 microcode 0x2f, cx8, cmov, fxsr, ht, mmx, 3dnowpref, sse, sse2, sse3, ssse3, sse4.1, sse4.2, popcnt, lzcnt, tsc, tscinvbit, avx, avx2, aes, erms, clmul, bmi1, bmi2, rtm, adx, fma, vzeroupper, clflush

Memory: 4k page, system-wide physical 8072M (1158M free)
TotalPageFile size 32648M (AvailPageFile size 5M)
current process WorkingSet (physical memory assigned to process): 9M, peak: 9M
current process commit charge ("private bytes"): 12M, peak: 13M

vm_info: Java HotSpot(TM) 64-Bit Server VM (17.0.9+11-LTS-201) for windows-amd64 JRE (17.0.9+11-LTS-201), built on Oct 10 2023 23:16:06 by "mach5one" with MS VC++ 17.1 (VS2022)

END.
